----------------------------------------------------------------
2014-11-19 16:37:30.906 GMT:
 Booting Derby version The Apache Software Foundation - Apache Derby - 10.5.3.0 - (802917): instance a816c00e-0149-c8ea-7c43-000008028ea0
on database directory /Users/jeff/Documents/jackrabbit-tutorial/jackrabbit-tutorial/repository/version/db  

Database Class Loader started - derby.database.classpath=''
----------------------------------------------------------------
2014-11-19 16:37:31.519 GMT:
 Booting Derby version The Apache Software Foundation - Apache Derby - 10.5.3.0 - (802917): instance 888c4022-0149-c8ea-7c43-000008028ea0
on database directory /Users/jeff/Documents/jackrabbit-tutorial/jackrabbit-tutorial/repository/workspaces/default/db  

Database Class Loader started - derby.database.classpath=''
----------------------------------------------------------------
2014-11-19 16:37:32.723 GMT:
 Booting Derby version The Apache Software Foundation - Apache Derby - 10.5.3.0 - (802917): instance b9810038-0149-c8ea-7c43-000008028ea0
on database directory /Users/jeff/Documents/jackrabbit-tutorial/jackrabbit-tutorial/repository/workspaces/security/db  

Database Class Loader started - derby.database.classpath=''

2014-11-19 16:37:33.487 GMT:
Shutting down instance 888c4022-0149-c8ea-7c43-000008028ea0
----------------------------------------------------------------

2014-11-19 16:37:33.496 GMT:
Shutting down instance b9810038-0149-c8ea-7c43-000008028ea0
----------------------------------------------------------------

2014-11-19 16:37:33.500 GMT:
Shutting down instance a816c00e-0149-c8ea-7c43-000008028ea0
----------------------------------------------------------------
